<?xml version="1.0" encoding="UTF-8"?>
<testng-results ignored="0" total="1" passed="1" failed="0" skipped="0">
  <reporter-output>
  </reporter-output>
  <suite started-at="2020-04-07T19:48:27 IST" name="Default suite" finished-at="2020-04-07T19:48:47 IST" duration-ms="19140">
    <groups>
    </groups>
    <test started-at="2020-04-07T19:48:27 IST" name="Default test" finished-at="2020-04-07T19:48:47 IST" duration-ms="19140">
      <class name="ScreenShot.Screenshot01">
        <test-method is-config="true" signature="launchApplication()[pri:0, instance:ScreenShot.Screenshot01@7fc2413d]" started-at="2020-04-07T19:48:27 IST" name="launchApplication" finished-at="2020-04-07T19:48:43 IST" duration-ms="15288" status="PASS">
          <reporter-output>
          </reporter-output>
        </test-method> <!-- launchApplication -->
        <test-method signature="loginIntoDemoWbShop()[pri:0, instance:ScreenShot.Screenshot01@7fc2413d]" started-at="2020-04-07T19:48:43 IST" name="loginIntoDemoWbShop" finished-at="2020-04-07T19:48:46 IST" duration-ms="2928" status="PASS">
          <reporter-output>
          </reporter-output>
        </test-method> <!-- loginIntoDemoWbShop -->
        <test-method is-config="true" signature="takeScreenshot()[pri:0, instance:ScreenShot.Screenshot01@7fc2413d]" started-at="2020-04-07T19:48:46 IST" name="takeScreenshot" finished-at="2020-04-07T19:48:46 IST" duration-ms="692" status="PASS">
          <reporter-output>
          </reporter-output>
        </test-method> <!-- takeScreenshot -->
        <test-method is-config="true" signature="closeBrowser()[pri:0, instance:ScreenShot.Screenshot01@7fc2413d]" started-at="2020-04-07T19:48:46 IST" name="closeBrowser" finished-at="2020-04-07T19:48:47 IST" duration-ms="172" status="PASS">
          <reporter-output>
          </reporter-output>
        </test-method> <!-- closeBrowser -->
      </class> <!-- ScreenShot.Screenshot01 -->
    </test> <!-- Default test -->
  </suite> <!-- Default suite -->
</testng-results>
